build/app/intermediates/manifest_merge_blame_file/debug/manifest-merger-blame-debug-report.txt
1<?xml version="1.0" encoding="utf-8"?>
2<manifest xmlns:android="http://schemas.android.com/apk/res/android"
3    package="com.iqonic.kivicare"
4    android:versionCode="17"
5    android:versionName="6.0.1" >
6
7    <uses-sdk
8        android:minSdkVersion="21"
9        android:targetSdkVersion="33" />
10    <!--
11         Flutter needs it to communicate with the running application
12         to allow setting breakpoints, to provide hot reload, etc.
13    -->
14    <uses-permission android:name="android.permission.INTERNET" />
14-->src\main\AndroidManifest.xml:4:5-67
14-->src\main\AndroidManifest.xml:4:22-64
15    <uses-permission android:name="android.permission.ACCESS_NETWORK_STATE" />
15-->src\main\AndroidManifest.xml:5:5-79
15-->src\main\AndroidManifest.xml:5:22-76
16    <uses-permission android:name="android.permission.READ_EXTERNAL_STORAGE" />
16-->src\main\AndroidManifest.xml:6:5-80
16-->src\main\AndroidManifest.xml:6:22-77
17    <uses-permission android:name="android.permission.CAMERA" />
17-->src\main\AndroidManifest.xml:7:5-65
17-->src\main\AndroidManifest.xml:7:22-62
18    <uses-permission android:name="android.permission.WAKE_LOCK" />
18-->[:firebase_analytics] AndroidManifest.xml:9:5-68
18-->[:firebase_analytics] AndroidManifest.xml:9:22-65
19
20    <queries>
20-->[:file_picker] AndroidManifest.xml:9:5-15:15
21        <intent>
21-->[:file_picker] AndroidManifest.xml:10:9-14:18
22            <action android:name="android.intent.action.GET_CONTENT" />
22-->[:file_picker] AndroidManifest.xml:11:13-72
22-->[:file_picker] AndroidManifest.xml:11:21-69
23
24            <data android:mimeType="*/*" />
24-->[:file_picker] AndroidManifest.xml:13:13-44
24-->[:file_picker] AndroidManifest.xml:13:19-41
25        </intent>
26        <intent>
26-->[com.github.droibit:customtabslauncher:1.6.0] AndroidManifest.xml:10:9-12:18
27            <action android:name="android.support.customtabs.action.CustomTabsService" />
27-->[com.github.droibit:customtabslauncher:1.6.0] AndroidManifest.xml:11:13-90
27-->[com.github.droibit:customtabslauncher:1.6.0] AndroidManifest.xml:11:21-87
28        </intent>
29    </queries>
30
31    <uses-permission android:name="android.permission.VIBRATE" />
31-->[:scan] AndroidManifest.xml:11:5-66
31-->[:scan] AndroidManifest.xml:11:22-63
32    <uses-permission android:name="com.google.android.gms.permission.AD_ID" />
32-->[com.google.android.gms:play-services-measurement-api:21.1.1] AndroidManifest.xml:25:5-79
32-->[com.google.android.gms:play-services-measurement-api:21.1.1] AndroidManifest.xml:25:22-76
33    <uses-permission android:name="com.google.android.finsky.permission.BIND_GET_INSTALL_REFERRER_SERVICE" /> <!-- Don't require camera, as this requires a rear camera. This allows it to work on the Nexus 7 -->
33-->[com.google.android.gms:play-services-measurement:21.1.1] AndroidManifest.xml:26:5-110
33-->[com.google.android.gms:play-services-measurement:21.1.1] AndroidManifest.xml:26:22-107
34    <uses-feature
34-->[com.journeyapps:zxing-android-embedded:4.3.0] AndroidManifest.xml:25:5-27:36
35        android:name="android.hardware.camera"
35-->[com.journeyapps:zxing-android-embedded:4.3.0] AndroidManifest.xml:26:9-47
36        android:required="false" />
36-->[com.journeyapps:zxing-android-embedded:4.3.0] AndroidManifest.xml:27:9-33
37    <uses-feature
37-->[com.journeyapps:zxing-android-embedded:4.3.0] AndroidManifest.xml:28:5-30:36
38        android:name="android.hardware.camera.front"
38-->[com.journeyapps:zxing-android-embedded:4.3.0] AndroidManifest.xml:29:9-53
39        android:required="false" /> <!-- TODO replace above two with next line after Android 4.2 -->
39-->[com.journeyapps:zxing-android-embedded:4.3.0] AndroidManifest.xml:30:9-33
40    <!-- <uses-feature android:name="android.hardware.camera.any"/> -->
41    <uses-feature
41-->[com.journeyapps:zxing-android-embedded:4.3.0] AndroidManifest.xml:33:5-35:36
42        android:name="android.hardware.camera.autofocus"
42-->[com.journeyapps:zxing-android-embedded:4.3.0] AndroidManifest.xml:34:9-57
43        android:required="false" />
43-->[com.journeyapps:zxing-android-embedded:4.3.0] AndroidManifest.xml:35:9-33
44    <uses-feature
44-->[com.journeyapps:zxing-android-embedded:4.3.0] AndroidManifest.xml:36:5-38:36
45        android:name="android.hardware.camera.flash"
45-->[com.journeyapps:zxing-android-embedded:4.3.0] AndroidManifest.xml:37:9-53
46        android:required="false" />
46-->[com.journeyapps:zxing-android-embedded:4.3.0] AndroidManifest.xml:38:9-33
47    <uses-feature
47-->[com.journeyapps:zxing-android-embedded:4.3.0] AndroidManifest.xml:39:5-41:36
48        android:name="android.hardware.screen.landscape"
48-->[com.journeyapps:zxing-android-embedded:4.3.0] AndroidManifest.xml:40:9-57
49        android:required="false" />
49-->[com.journeyapps:zxing-android-embedded:4.3.0] AndroidManifest.xml:41:9-33
50    <uses-feature
50-->[com.journeyapps:zxing-android-embedded:4.3.0] AndroidManifest.xml:42:5-44:36
51        android:name="android.hardware.wifi"
51-->[com.journeyapps:zxing-android-embedded:4.3.0] AndroidManifest.xml:43:9-45
52        android:required="false" />
52-->[com.journeyapps:zxing-android-embedded:4.3.0] AndroidManifest.xml:44:9-33
53
54    <application
54-->src\main\AndroidManifest.xml:10:5-40:19
55        android:appComponentFactory="androidx.core.app.CoreComponentFactory"
55-->[androidx.core:core:1.8.0] AndroidManifest.xml:24:18-86
56        android:debuggable="true"
57        android:icon="@mipmap/ic_launcher"
57-->src\main\AndroidManifest.xml:14:9-43
58        android:label="KiviCare"
58-->src\main\AndroidManifest.xml:11:9-33
59        android:requestLegacyExternalStorage="true"
59-->src\main\AndroidManifest.xml:13:9-52
60        android:usesCleartextTraffic="true" >
60-->src\main\AndroidManifest.xml:12:9-44
61        <activity
61-->src\main\AndroidManifest.xml:16:9-36:20
62            android:name="com.iqonic.kivicare_flutter.MainActivity"
62-->src\main\AndroidManifest.xml:17:13-41
63            android:configChanges="orientation|keyboardHidden|keyboard|screenSize|smallestScreenSize|locale|layoutDirection|fontScale|screenLayout|density|uiMode"
63-->src\main\AndroidManifest.xml:20:13-163
64            android:exported="true"
64-->src\main\AndroidManifest.xml:22:13-36
65            android:hardwareAccelerated="true"
65-->src\main\AndroidManifest.xml:21:13-47
66            android:launchMode="singleTop"
66-->src\main\AndroidManifest.xml:18:13-43
67            android:theme="@style/LaunchTheme"
67-->src\main\AndroidManifest.xml:19:13-47
68            android:windowSoftInputMode="adjustResize" >
68-->src\main\AndroidManifest.xml:23:13-55
69            <meta-data
69-->src\main\AndroidManifest.xml:24:13-27:17
70                android:name="io.flutter.embedding.android.NormalTheme"
70-->src\main\AndroidManifest.xml:25:15-70
71                android:resource="@style/NormalTheme" />
71-->src\main\AndroidManifest.xml:26:15-52
72            <!-- <meta-data -->
73            <!-- android:name="io.flutter.embedding.android.SplashScreenDrawable" -->
74            <!-- android:resource="@drawable/launch_background" -->
75            <!-- /> -->
76            <intent-filter>
76-->src\main\AndroidManifest.xml:32:13-35:29
77                <action android:name="android.intent.action.MAIN" />
77-->src\main\AndroidManifest.xml:33:17-68
77-->src\main\AndroidManifest.xml:33:25-66
78
79                <category android:name="android.intent.category.LAUNCHER" />
79-->src\main\AndroidManifest.xml:34:17-76
79-->src\main\AndroidManifest.xml:34:27-74
80            </intent-filter>
81        </activity>
82
83        <meta-data
83-->src\main\AndroidManifest.xml:37:9-39:33
84            android:name="flutterEmbedding"
84-->src\main\AndroidManifest.xml:38:13-44
85            android:value="2" />
85-->src\main\AndroidManifest.xml:39:13-30
86
87        <service
87-->[:firebase_crashlytics] AndroidManifest.xml:8:9-12:19
88            android:name="com.google.firebase.components.ComponentDiscoveryService"
88-->[:firebase_crashlytics] AndroidManifest.xml:8:18-89
89            android:directBootAware="true"
89-->[com.google.firebase:firebase-common:20.1.2] AndroidManifest.xml:35:13-43
90            android:exported="false" >
90-->[com.google.firebase:firebase-crashlytics:18.2.13] AndroidManifest.xml:17:13-37
91            <meta-data
91-->[:firebase_crashlytics] AndroidManifest.xml:9:13-11:85
92                android:name="com.google.firebase.components:io.flutter.plugins.firebase.crashlytics.FlutterFirebaseAppRegistrar"
92-->[:firebase_crashlytics] AndroidManifest.xml:10:17-130
93                android:value="com.google.firebase.components.ComponentRegistrar" />
93-->[:firebase_crashlytics] AndroidManifest.xml:11:17-82
94            <meta-data
94-->[:cloud_firestore] AndroidManifest.xml:9:13-11:85
95                android:name="com.google.firebase.components:io.flutter.plugins.firebase.firestore.FlutterFirebaseFirestoreRegistrar"
95-->[:cloud_firestore] AndroidManifest.xml:10:17-134
96                android:value="com.google.firebase.components.ComponentRegistrar" />
96-->[:cloud_firestore] AndroidManifest.xml:11:17-82
97            <meta-data
97-->[:firebase_analytics] AndroidManifest.xml:13:13-15:85
98                android:name="com.google.firebase.components:io.flutter.plugins.firebase.analytics.FlutterFirebaseAppRegistrar"
98-->[:firebase_analytics] AndroidManifest.xml:14:17-128
99                android:value="com.google.firebase.components.ComponentRegistrar" />
99-->[:firebase_analytics] AndroidManifest.xml:15:17-82
100            <meta-data
100-->[:firebase_auth] AndroidManifest.xml:9:13-11:85
101                android:name="com.google.firebase.components:io.flutter.plugins.firebase.auth.FlutterFirebaseAuthRegistrar"
101-->[:firebase_auth] AndroidManifest.xml:10:17-124
102                android:value="com.google.firebase.components.ComponentRegistrar" />
102-->[:firebase_auth] AndroidManifest.xml:11:17-82
103            <meta-data
103-->[:firebase_remote_config] AndroidManifest.xml:9:13-11:85
104                android:name="com.google.firebase.components:io.flutter.plugins.firebase.firebaseremoteconfig.FlutterFirebaseAppRegistrar"
104-->[:firebase_remote_config] AndroidManifest.xml:10:17-139
105                android:value="com.google.firebase.components.ComponentRegistrar" />
105-->[:firebase_remote_config] AndroidManifest.xml:11:17-82
106            <meta-data
106-->[:firebase_core] AndroidManifest.xml:9:13-11:85
107                android:name="com.google.firebase.components:io.flutter.plugins.firebase.core.FlutterFirebaseCoreRegistrar"
107-->[:firebase_core] AndroidManifest.xml:10:17-124
108                android:value="com.google.firebase.components.ComponentRegistrar" />
108-->[:firebase_core] AndroidManifest.xml:11:17-82
109            <meta-data
109-->[com.google.firebase:firebase-crashlytics:18.2.13] AndroidManifest.xml:18:13-20:85
110                android:name="com.google.firebase.components:com.google.firebase.crashlytics.CrashlyticsRegistrar"
110-->[com.google.firebase:firebase-crashlytics:18.2.13] AndroidManifest.xml:19:17-115
111                android:value="com.google.firebase.components.ComponentRegistrar" />
111-->[com.google.firebase:firebase-crashlytics:18.2.13] AndroidManifest.xml:20:17-82
112            <meta-data
112-->[com.google.android.gms:play-services-measurement-api:21.1.1] AndroidManifest.xml:31:13-33:85
113                android:name="com.google.firebase.components:com.google.firebase.analytics.connector.internal.AnalyticsConnectorRegistrar"
113-->[com.google.android.gms:play-services-measurement-api:21.1.1] AndroidManifest.xml:32:17-139
114                android:value="com.google.firebase.components.ComponentRegistrar" />
114-->[com.google.android.gms:play-services-measurement-api:21.1.1] AndroidManifest.xml:33:17-82
115            <meta-data
115-->[com.google.firebase:firebase-firestore:24.3.1] AndroidManifest.xml:20:13-22:85
116                android:name="com.google.firebase.components:com.google.firebase.firestore.FirestoreRegistrar"
116-->[com.google.firebase:firebase-firestore:24.3.1] AndroidManifest.xml:21:17-111
117                android:value="com.google.firebase.components.ComponentRegistrar" />
117-->[com.google.firebase:firebase-firestore:24.3.1] AndroidManifest.xml:22:17-82
118            <meta-data
118-->[com.google.firebase:firebase-auth:21.0.8] AndroidManifest.xml:67:13-69:85
119                android:name="com.google.firebase.components:com.google.firebase.auth.FirebaseAuthRegistrar"
119-->[com.google.firebase:firebase-auth:21.0.8] AndroidManifest.xml:68:17-109
120                android:value="com.google.firebase.components.ComponentRegistrar" />
120-->[com.google.firebase:firebase-auth:21.0.8] AndroidManifest.xml:69:17-82
121            <meta-data
121-->[com.google.firebase:firebase-config:21.1.2] AndroidManifest.xml:32:13-34:85
122                android:name="com.google.firebase.components:com.google.firebase.remoteconfig.RemoteConfigRegistrar"
122-->[com.google.firebase:firebase-config:21.1.2] AndroidManifest.xml:33:17-117
123                android:value="com.google.firebase.components.ComponentRegistrar" />
123-->[com.google.firebase:firebase-config:21.1.2] AndroidManifest.xml:34:17-82
124            <meta-data
124-->[com.google.firebase:firebase-installations:17.0.3] AndroidManifest.xml:18:13-20:85
125                android:name="com.google.firebase.components:com.google.firebase.installations.FirebaseInstallationsRegistrar"
125-->[com.google.firebase:firebase-installations:17.0.3] AndroidManifest.xml:19:17-127
126                android:value="com.google.firebase.components.ComponentRegistrar" />
126-->[com.google.firebase:firebase-installations:17.0.3] AndroidManifest.xml:20:17-82
127            <meta-data
127-->[com.google.firebase:firebase-abt:21.0.2] AndroidManifest.xml:13:13-15:85
128                android:name="com.google.firebase.components:com.google.firebase.abt.component.AbtRegistrar"
128-->[com.google.firebase:firebase-abt:21.0.2] AndroidManifest.xml:14:17-109
129                android:value="com.google.firebase.components.ComponentRegistrar" />
129-->[com.google.firebase:firebase-abt:21.0.2] AndroidManifest.xml:15:17-82
130        </service>
131
132        <provider
132-->[:image_picker_android] AndroidManifest.xml:8:9-16:20
133            android:name="io.flutter.plugins.imagepicker.ImagePickerFileProvider"
133-->[:image_picker_android] AndroidManifest.xml:9:13-82
134            android:authorities="com.iqonic.kivicare.flutter.image_provider"
134-->[:image_picker_android] AndroidManifest.xml:10:13-74
135            android:exported="false"
135-->[:image_picker_android] AndroidManifest.xml:11:13-37
136            android:grantUriPermissions="true" >
136-->[:image_picker_android] AndroidManifest.xml:12:13-47
137            <meta-data
137-->[:image_picker_android] AndroidManifest.xml:13:13-15:75
138                android:name="android.support.FILE_PROVIDER_PATHS"
138-->[:image_picker_android] AndroidManifest.xml:14:17-67
139                android:resource="@xml/flutter_image_picker_file_paths" />
139-->[:image_picker_android] AndroidManifest.xml:15:17-72
140        </provider>
141
142        <activity
142-->[:url_launcher_android] AndroidManifest.xml:8:9-11:74
143            android:name="io.flutter.plugins.urllauncher.WebViewActivity"
143-->[:url_launcher_android] AndroidManifest.xml:9:13-74
144            android:exported="false"
144-->[:url_launcher_android] AndroidManifest.xml:10:13-37
145            android:theme="@android:style/Theme.NoTitleBar.Fullscreen" />
145-->[:url_launcher_android] AndroidManifest.xml:11:13-71
146
147        <provider
147-->[:share] AndroidManifest.xml:8:9-16:20
148            android:name="io.flutter.plugins.share.ShareFileProvider"
148-->[:share] AndroidManifest.xml:9:13-70
149            android:authorities="com.iqonic.kivicare.flutter.share_provider"
149-->[:share] AndroidManifest.xml:10:13-74
150            android:exported="false"
150-->[:share] AndroidManifest.xml:11:13-37
151            android:grantUriPermissions="true" >
151-->[:share] AndroidManifest.xml:12:13-47
152            <meta-data
152-->[:image_picker_android] AndroidManifest.xml:13:13-15:75
153                android:name="android.support.FILE_PROVIDER_PATHS"
153-->[:image_picker_android] AndroidManifest.xml:14:17-67
154                android:resource="@xml/flutter_share_file_paths" />
154-->[:image_picker_android] AndroidManifest.xml:15:17-72
155        </provider>
156
157        <activity
157-->[com.google.android.gms:play-services-auth:20.4.1] AndroidManifest.xml:23:9-27:75
158            android:name="com.google.android.gms.auth.api.signin.internal.SignInHubActivity"
158-->[com.google.android.gms:play-services-auth:20.4.1] AndroidManifest.xml:24:13-93
159            android:excludeFromRecents="true"
159-->[com.google.android.gms:play-services-auth:20.4.1] AndroidManifest.xml:25:13-46
160            android:exported="false"
160-->[com.google.android.gms:play-services-auth:20.4.1] AndroidManifest.xml:26:13-37
161            android:theme="@android:style/Theme.Translucent.NoTitleBar" />
161-->[com.google.android.gms:play-services-auth:20.4.1] AndroidManifest.xml:27:13-72
162        <!--
163            Service handling Google Sign-In user revocation. For apps that do not integrate with
164            Google Sign-In, this service will never be started.
165        -->
166        <service
166-->[com.google.android.gms:play-services-auth:20.4.1] AndroidManifest.xml:33:9-37:51
167            android:name="com.google.android.gms.auth.api.signin.RevocationBoundService"
167-->[com.google.android.gms:play-services-auth:20.4.1] AndroidManifest.xml:34:13-89
168            android:exported="true"
168-->[com.google.android.gms:play-services-auth:20.4.1] AndroidManifest.xml:35:13-36
169            android:permission="com.google.android.gms.auth.api.signin.permission.REVOCATION_NOTIFICATION"
169-->[com.google.android.gms:play-services-auth:20.4.1] AndroidManifest.xml:36:13-107
170            android:visibleToInstantApps="true" />
170-->[com.google.android.gms:play-services-auth:20.4.1] AndroidManifest.xml:37:13-48
171
172        <activity
172-->[com.google.firebase:firebase-auth:21.0.8] AndroidManifest.xml:27:9-44:20
173            android:name="com.google.firebase.auth.internal.GenericIdpActivity"
173-->[com.google.firebase:firebase-auth:21.0.8] AndroidManifest.xml:28:13-80
174            android:excludeFromRecents="true"
174-->[com.google.firebase:firebase-auth:21.0.8] AndroidManifest.xml:29:13-46
175            android:exported="true"
175-->[com.google.firebase:firebase-auth:21.0.8] AndroidManifest.xml:30:13-36
176            android:launchMode="singleTask"
176-->[com.google.firebase:firebase-auth:21.0.8] AndroidManifest.xml:31:13-44
177            android:theme="@android:style/Theme.Translucent.NoTitleBar" >
177-->[com.google.firebase:firebase-auth:21.0.8] AndroidManifest.xml:32:13-72
178            <intent-filter>
178-->[com.google.firebase:firebase-auth:21.0.8] AndroidManifest.xml:33:13-43:29
179                <action android:name="android.intent.action.VIEW" />
179-->[com.google.firebase:firebase-auth:21.0.8] AndroidManifest.xml:34:17-69
179-->[com.google.firebase:firebase-auth:21.0.8] AndroidManifest.xml:34:25-66
180
181                <category android:name="android.intent.category.DEFAULT" />
181-->[com.google.firebase:firebase-auth:21.0.8] AndroidManifest.xml:36:17-76
181-->[com.google.firebase:firebase-auth:21.0.8] AndroidManifest.xml:36:27-73
182                <category android:name="android.intent.category.BROWSABLE" />
182-->[com.google.firebase:firebase-auth:21.0.8] AndroidManifest.xml:37:17-78
182-->[com.google.firebase:firebase-auth:21.0.8] AndroidManifest.xml:37:27-75
183
184                <data
184-->[:file_picker] AndroidManifest.xml:13:13-44
185                    android:host="firebase.auth"
186                    android:path="/"
187                    android:scheme="genericidp" />
188            </intent-filter>
189        </activity>
190        <activity
190-->[com.google.firebase:firebase-auth:21.0.8] AndroidManifest.xml:45:9-62:20
191            android:name="com.google.firebase.auth.internal.RecaptchaActivity"
191-->[com.google.firebase:firebase-auth:21.0.8] AndroidManifest.xml:46:13-79
192            android:excludeFromRecents="true"
192-->[com.google.firebase:firebase-auth:21.0.8] AndroidManifest.xml:47:13-46
193            android:exported="true"
193-->[com.google.firebase:firebase-auth:21.0.8] AndroidManifest.xml:48:13-36
194            android:launchMode="singleTask"
194-->[com.google.firebase:firebase-auth:21.0.8] AndroidManifest.xml:49:13-44
195            android:theme="@android:style/Theme.Translucent.NoTitleBar" >
195-->[com.google.firebase:firebase-auth:21.0.8] AndroidManifest.xml:50:13-72
196            <intent-filter>
196-->[com.google.firebase:firebase-auth:21.0.8] AndroidManifest.xml:51:13-61:29
197                <action android:name="android.intent.action.VIEW" />
197-->[com.google.firebase:firebase-auth:21.0.8] AndroidManifest.xml:34:17-69
197-->[com.google.firebase:firebase-auth:21.0.8] AndroidManifest.xml:34:25-66
198
199                <category android:name="android.intent.category.DEFAULT" />
199-->[com.google.firebase:firebase-auth:21.0.8] AndroidManifest.xml:36:17-76
199-->[com.google.firebase:firebase-auth:21.0.8] AndroidManifest.xml:36:27-73
200                <category android:name="android.intent.category.BROWSABLE" />
200-->[com.google.firebase:firebase-auth:21.0.8] AndroidManifest.xml:37:17-78
200-->[com.google.firebase:firebase-auth:21.0.8] AndroidManifest.xml:37:27-75
201
202                <data
202-->[:file_picker] AndroidManifest.xml:13:13-44
203                    android:host="firebase.auth"
204                    android:path="/"
205                    android:scheme="recaptcha" />
206            </intent-filter>
207        </activity>
208
209        <provider
209-->[com.google.firebase:firebase-common:20.1.2] AndroidManifest.xml:26:9-31:39
210            android:name="com.google.firebase.provider.FirebaseInitProvider"
210-->[com.google.firebase:firebase-common:20.1.2] AndroidManifest.xml:27:13-77
211            android:authorities="com.iqonic.kivicare.firebaseinitprovider"
211-->[com.google.firebase:firebase-common:20.1.2] AndroidManifest.xml:28:13-72
212            android:directBootAware="true"
212-->[com.google.firebase:firebase-common:20.1.2] AndroidManifest.xml:29:13-43
213            android:exported="false"
213-->[com.google.firebase:firebase-common:20.1.2] AndroidManifest.xml:30:13-37
214            android:initOrder="100" />
214-->[com.google.firebase:firebase-common:20.1.2] AndroidManifest.xml:31:13-36
215
216        <receiver
216-->[com.google.android.gms:play-services-measurement:21.1.1] AndroidManifest.xml:29:9-33:20
217            android:name="com.google.android.gms.measurement.AppMeasurementReceiver"
217-->[com.google.android.gms:play-services-measurement:21.1.1] AndroidManifest.xml:30:13-85
218            android:enabled="true"
218-->[com.google.android.gms:play-services-measurement:21.1.1] AndroidManifest.xml:31:13-35
219            android:exported="false" >
219-->[com.google.android.gms:play-services-measurement:21.1.1] AndroidManifest.xml:32:13-37
220        </receiver>
221
222        <service
222-->[com.google.android.gms:play-services-measurement:21.1.1] AndroidManifest.xml:35:9-38:40
223            android:name="com.google.android.gms.measurement.AppMeasurementService"
223-->[com.google.android.gms:play-services-measurement:21.1.1] AndroidManifest.xml:36:13-84
224            android:enabled="true"
224-->[com.google.android.gms:play-services-measurement:21.1.1] AndroidManifest.xml:37:13-35
225            android:exported="false" />
225-->[com.google.android.gms:play-services-measurement:21.1.1] AndroidManifest.xml:38:13-37
226        <service
226-->[com.google.android.gms:play-services-measurement:21.1.1] AndroidManifest.xml:39:9-43:72
227            android:name="com.google.android.gms.measurement.AppMeasurementJobService"
227-->[com.google.android.gms:play-services-measurement:21.1.1] AndroidManifest.xml:40:13-87
228            android:enabled="true"
228-->[com.google.android.gms:play-services-measurement:21.1.1] AndroidManifest.xml:41:13-35
229            android:exported="false"
229-->[com.google.android.gms:play-services-measurement:21.1.1] AndroidManifest.xml:42:13-37
230            android:permission="android.permission.BIND_JOB_SERVICE" />
230-->[com.google.android.gms:play-services-measurement:21.1.1] AndroidManifest.xml:43:13-69
231
232        <activity
232-->[com.google.android.gms:play-services-base:18.0.1] AndroidManifest.xml:20:9-22:45
233            android:name="com.google.android.gms.common.api.GoogleApiActivity"
233-->[com.google.android.gms:play-services-base:18.0.1] AndroidManifest.xml:20:19-85
234            android:exported="false"
234-->[com.google.android.gms:play-services-base:18.0.1] AndroidManifest.xml:22:19-43
235            android:theme="@android:style/Theme.Translucent.NoTitleBar" />
235-->[com.google.android.gms:play-services-base:18.0.1] AndroidManifest.xml:21:19-78
236
237        <meta-data
237-->[com.google.android.gms:play-services-basement:18.1.0] AndroidManifest.xml:21:9-23:69
238            android:name="com.google.android.gms.version"
238-->[com.google.android.gms:play-services-basement:18.1.0] AndroidManifest.xml:22:13-58
239            android:value="@integer/google_play_services_version" />
239-->[com.google.android.gms:play-services-basement:18.1.0] AndroidManifest.xml:23:13-66
240
241        <uses-library
241-->[androidx.window:window:1.0.0-beta04] AndroidManifest.xml:25:9-27:40
242            android:name="androidx.window.extensions"
242-->[androidx.window:window:1.0.0-beta04] AndroidManifest.xml:26:13-54
243            android:required="false" />
243-->[androidx.window:window:1.0.0-beta04] AndroidManifest.xml:27:13-37
244        <uses-library
244-->[androidx.window:window:1.0.0-beta04] AndroidManifest.xml:28:9-30:40
245            android:name="androidx.window.sidecar"
245-->[androidx.window:window:1.0.0-beta04] AndroidManifest.xml:29:13-51
246            android:required="false" />
246-->[androidx.window:window:1.0.0-beta04] AndroidManifest.xml:30:13-37
247
248        <service
248-->[com.google.android.datatransport:transport-backend-cct:3.1.7] AndroidManifest.xml:29:9-35:19
249            android:name="com.google.android.datatransport.runtime.backends.TransportBackendDiscovery"
249-->[com.google.android.datatransport:transport-backend-cct:3.1.7] AndroidManifest.xml:30:13-103
250            android:exported="false" >
250-->[com.google.android.datatransport:transport-backend-cct:3.1.7] AndroidManifest.xml:31:13-37
251            <meta-data
251-->[com.google.android.datatransport:transport-backend-cct:3.1.7] AndroidManifest.xml:32:13-34:39
252                android:name="backend:com.google.android.datatransport.cct.CctBackendFactory"
252-->[com.google.android.datatransport:transport-backend-cct:3.1.7] AndroidManifest.xml:33:17-94
253                android:value="cct" />
253-->[com.google.android.datatransport:transport-backend-cct:3.1.7] AndroidManifest.xml:34:17-36
254        </service>
255        <service
255-->[com.google.android.datatransport:transport-runtime:3.1.7] AndroidManifest.xml:26:9-30:19
256            android:name="com.google.android.datatransport.runtime.scheduling.jobscheduling.JobInfoSchedulerService"
256-->[com.google.android.datatransport:transport-runtime:3.1.7] AndroidManifest.xml:27:13-117
257            android:exported="false"
257-->[com.google.android.datatransport:transport-runtime:3.1.7] AndroidManifest.xml:28:13-37
258            android:permission="android.permission.BIND_JOB_SERVICE" >
258-->[com.google.android.datatransport:transport-runtime:3.1.7] AndroidManifest.xml:29:13-69
259        </service>
260
261        <receiver
261-->[com.google.android.datatransport:transport-runtime:3.1.7] AndroidManifest.xml:32:9-34:40
262            android:name="com.google.android.datatransport.runtime.scheduling.jobscheduling.AlarmManagerSchedulerBroadcastReceiver"
262-->[com.google.android.datatransport:transport-runtime:3.1.7] AndroidManifest.xml:33:13-132
263            android:exported="false" />
263-->[com.google.android.datatransport:transport-runtime:3.1.7] AndroidManifest.xml:34:13-37
264
265        <provider
265-->[androidx.emoji2:emoji2:1.0.0] AndroidManifest.xml:26:9-34:20
266            android:name="androidx.startup.InitializationProvider"
266-->[androidx.emoji2:emoji2:1.0.0] AndroidManifest.xml:27:13-67
267            android:authorities="com.iqonic.kivicare.androidx-startup"
267-->[androidx.emoji2:emoji2:1.0.0] AndroidManifest.xml:28:13-68
268            android:exported="false" >
268-->[androidx.emoji2:emoji2:1.0.0] AndroidManifest.xml:29:13-37
269            <meta-data
269-->[androidx.emoji2:emoji2:1.0.0] AndroidManifest.xml:31:13-33:52
270                android:name="androidx.emoji2.text.EmojiCompatInitializer"
270-->[androidx.emoji2:emoji2:1.0.0] AndroidManifest.xml:32:17-75
271                android:value="androidx.startup" />
271-->[androidx.emoji2:emoji2:1.0.0] AndroidManifest.xml:33:17-49
272            <meta-data
272-->[androidx.lifecycle:lifecycle-process:2.4.0] AndroidManifest.xml:31:13-33:52
273                android:name="androidx.lifecycle.ProcessLifecycleInitializer"
273-->[androidx.lifecycle:lifecycle-process:2.4.0] AndroidManifest.xml:32:17-78
274                android:value="androidx.startup" />
274-->[androidx.lifecycle:lifecycle-process:2.4.0] AndroidManifest.xml:33:17-49
275        </provider>
276
277        <meta-data
277-->[com.huawei.hms:scanplus:2.1.0.300] AndroidManifest.xml:14:9-16:40
278            android:name="huawei_module_scankit_local"
278-->[com.huawei.hms:scanplus:2.1.0.300] AndroidManifest.xml:15:13-55
279            android:value="20100300" />